<?xml version="1.0" encoding="UTF-8"?>
<!-- Generated by org.testng.reporters.JUnitReportReporter -->
<testsuite hostname="NLSPLLBI0056" name="org.orgselenium.pagefactory.tests.DigitasLbiTest" tests="1" failures="0" timestamp="1 Nov 2015 16:13:27 GMT" time="10.529" errors="0">
  <testcase name="testLandingPage" time="10.529" classname="org.orgselenium.pagefactory.tests.DigitasLbiTest"/>
</testsuite> <!-- org.orgselenium.pagefactory.tests.DigitasLbiTest -->
